<?xml version="1.0" encoding="UTF-8"?>
<testsuite xmlns:xsi="http://www.w3.org/2001/XMLSchema-instance" xsi:noNamespaceSchemaLocation="https://maven.apache.org/surefire/maven-surefire-plugin/xsd/surefire-test-report.xsd" version="3.0.2" name="TestSuite" time="9.609" tests="2" errors="0" skipped="0" failures="0">
  <properties>
[...]
</properties>
  <testcase name="demoTest" classname="com.test.web.WebAppPages.HomePage" time="2.595">
    <system-out><![CDATA[<!DOCTYPE html>
<html>
<head>
  <meta charset="utf-8">
  <meta name="viewport" content="width=device-width, initial-scale=1">
  <link rel="shortcut icon" href="/icons/favicon-green.ico"/>
  <link rel="apple-touch-icon" href="/icons/icon-green.png"/>
  <title>client.badssl.com</title>
  <link rel="stylesheet" href="/style.css">
  <style>body { background: green; }</style>
</head>
<body>
<div id="content">
  <h1 style="font-size: 12vw;">
    client.<br>badssl.com
  </h1>
</div>

<div id="footer">
  This site requires a <a href="https://en.wikipedia.org/wiki/Transport_Layer_Security#Client-authenticated_TLS_handshake">client-authenticated</a> TLS handshake.
</div>

</body>
</html>

]]></system-out>
    <system-err><![CDATA[SLF4J: Failed to load class "org.slf4j.impl.StaticLoggerBinder".
SLF4J: Defaulting to no-operation (NOP) logger implementation
SLF4J: See http://www.slf4j.org/codes.html#StaticLoggerBinder for further details.
]]></system-err>
  </testcase>
  <testcase name="testSSLConnection" classname="com.test.web.WebAppPages.HomePage" time="1.586">
    <system-out><![CDATA[<!DOCTYPE html>
<html>
<head>
  <meta charset="utf-8">
  <meta name="viewport" content="width=device-width, initial-scale=1">
  <link rel="shortcut icon" href="/icons/favicon-green.ico"/>
  <link rel="apple-touch-icon" href="/icons/icon-green.png"/>
  <title>client.badssl.com</title>
  <link rel="stylesheet" href="/style.css">
  <style>body { background: green; }</style>
</head>
<body>
<div id="content">
  <h1 style="font-size: 12vw;">
    client.<br>badssl.com
  </h1>
</div>

<div id="footer">
  This site requires a <a href="https://en.wikipedia.org/wiki/Transport_Layer_Security#Client-authenticated_TLS_handshake">client-authenticated</a> TLS handshake.
</div>

</body>
</html>

]]></system-out>
  </testcase>
</testsuite>