<?xml version="1.0" encoding="UTF-8"?>
<testng-results ignored="0" total="2" passed="2" failed="0" skipped="0">
  <reporter-output>
  </reporter-output>
  <suite started-at="2024-11-05T18:07:12 IST" name="Suite" finished-at="2024-11-05T18:07:17 IST" duration-ms="4348">
    <groups>
    </groups>
    <test started-at="2024-11-05T18:07:12 IST" name="Test" finished-at="2024-11-05T18:07:17 IST" duration-ms="4348">
      <class name="com.test.web.WebAppPages.HomePage">
        <test-method is-config="true" signature="beforeTest()[pri:0, instance:com.test.web.WebAppPages.HomePage@3d74bf60]" started-at="2024-11-05T18:07:12 IST" name="beforeTest" finished-at="2024-11-05T18:07:12 IST" duration-ms="151" status="PASS">
          <reporter-output>
          </reporter-output>
        </test-method> <!-- beforeTest -->
        <test-method signature="demoTest()[pri:0, instance:com.test.web.WebAppPages.HomePage@3d74bf60]" started-at="2024-11-05T18:07:12 IST" name="demoTest" finished-at="2024-11-05T18:07:15 IST" duration-ms="2594" status="PASS">
          <reporter-output>
          </reporter-output>
        </test-method> <!-- demoTest -->
        <test-method signature="testSSLConnection()[pri:0, instance:com.test.web.WebAppPages.HomePage@3d74bf60]" started-at="2024-11-05T18:07:15 IST" name="testSSLConnection" finished-at="2024-11-05T18:07:17 IST" duration-ms="1586" status="PASS">
          <reporter-output>
          </reporter-output>
        </test-method> <!-- testSSLConnection -->
      </class> <!-- com.test.web.WebAppPages.HomePage -->
    </test> <!-- Test -->
  </suite> <!-- Suite -->
</testng-results>
