<?xml version="1.0" encoding="UTF-8"?>
<testng-results ignored="0" total="2" passed="2" failed="0" skipped="0">
  <reporter-output>
  </reporter-output>
  <suite started-at="2024-11-05T17:43:23 IST" name="Suite" finished-at="2024-11-05T17:43:28 IST" duration-ms="5613">
    <groups>
    </groups>
    <test started-at="2024-11-05T17:43:23 IST" name="Test" finished-at="2024-11-05T17:43:28 IST" duration-ms="5613">
      <class name="com.test.web.WebAppPages.HomePage">
        <test-method is-config="true" signature="beforeTest()[pri:0, instance:com.test.web.WebAppPages.HomePage@4b45a2f5]" started-at="2024-11-05T17:43:23 IST" name="beforeTest" finished-at="2024-11-05T17:43:23 IST" duration-ms="160" status="PASS">
          <reporter-output>
          </reporter-output>
        </test-method> <!-- beforeTest -->
        <test-method signature="demoTest()[pri:0, instance:com.test.web.WebAppPages.HomePage@4b45a2f5]" started-at="2024-11-05T17:43:23 IST" name="demoTest" finished-at="2024-11-05T17:43:27 IST" duration-ms="4006" status="PASS">
          <reporter-output>
          </reporter-output>
        </test-method> <!-- demoTest -->
        <test-method signature="testSSLConnection()[pri:0, instance:com.test.web.WebAppPages.HomePage@4b45a2f5]" started-at="2024-11-05T17:43:27 IST" name="testSSLConnection" finished-at="2024-11-05T17:43:28 IST" duration-ms="1430" status="PASS">
          <reporter-output>
          </reporter-output>
        </test-method> <!-- testSSLConnection -->
      </class> <!-- com.test.web.WebAppPages.HomePage -->
    </test> <!-- Test -->
  </suite> <!-- Suite -->
</testng-results>
